<?xml version="1.0" encoding="UTF-8"?>
<testsuite xmlns:xsi="http://www.w3.org/2001/XMLSchema-instance" xsi:noNamespaceSchemaLocation="https://maven.apache.org/surefire/maven-surefire-plugin/xsd/surefire-test-report-3.0.xsd" version="3.0" name="test.math.TestMatrice" time="0.034" tests="2" errors="0" skipped="0" failures="0">
  <properties>
    <property name="java.specification.version" value="16"/>
    <property name="sun.cpu.isalist" value="amd64"/>
    <property name="sun.jnu.encoding" value="Cp1252"/>
    <property name="java.class.path" value="C:\Users\cleme\git\projetmodeg3\target\test-classes;C:\Users\cleme\git\projetmodeg3\target\classes;C:\Users\cleme\.m2\repository\org\openjfx\javafx-controls\11\javafx-controls-11.jar;C:\Users\cleme\.m2\repository\org\openjfx\javafx-controls\11\javafx-controls-11-win.jar;C:\Users\cleme\.m2\repository\org\openjfx\javafx-graphics\11\javafx-graphics-11.jar;C:\Users\cleme\.m2\repository\org\openjfx\javafx-graphics\11\javafx-graphics-11-win.jar;C:\Users\cleme\.m2\repository\org\openjfx\javafx-base\11\javafx-base-11.jar;C:\Users\cleme\.m2\repository\org\openjfx\javafx-base\11\javafx-base-11-win.jar;C:\Users\cleme\.m2\repository\org\openjfx\javafx-fxml\11\javafx-fxml-11.jar;C:\Users\cleme\.m2\repository\org\openjfx\javafx-fxml\11\javafx-fxml-11-win.jar;C:\Users\cleme\.m2\repository\org\junit\jupiter\junit-jupiter-engine\5.6.2\junit-jupiter-engine-5.6.2.jar;C:\Users\cleme\.m2\repository\org\apiguardian\apiguardian-api\1.1.0\apiguardian-api-1.1.0.jar;C:\Users\cleme\.m2\repository\org\junit\platform\junit-platform-engine\1.6.2\junit-platform-engine-1.6.2.jar;C:\Users\cleme\.m2\repository\org\opentest4j\opentest4j\1.2.0\opentest4j-1.2.0.jar;C:\Users\cleme\.m2\repository\org\junit\platform\junit-platform-commons\1.6.2\junit-platform-commons-1.6.2.jar;C:\Users\cleme\.m2\repository\org\junit\jupiter\junit-jupiter-api\5.6.2\junit-jupiter-api-5.6.2.jar;"/>
    <property name="java.vm.vendor" value="Oracle Corporation"/>
    <property name="sun.arch.data.model" value="64"/>
    <property name="user.variant" value=""/>
    <property name="java.vendor.url" value="https://java.oracle.com/"/>
    <property name="user.timezone" value="Europe/Paris"/>
    <property name="os.name" value="Windows 10"/>
    <property name="java.vm.specification.version" value="16"/>
    <property name="sun.java.launcher" value="SUN_STANDARD"/>
    <property name="user.country" value="FR"/>
    <property name="sun.boot.library.path" value="C:\Users\cleme\.p2\pool\plugins\org.eclipse.justj.openjdk.hotspot.jre.full.win32.x86_64_16.0.2.v20210721-1149\jre\bin"/>
    <property name="sun.java.command" value="C:\Users\cleme\AppData\Local\Temp\surefire5158235127268945202\surefirebooter14881871005188618464.jar C:\Users\cleme\AppData\Local\Temp\surefire5158235127268945202 2022-01-07T23-53-59_933-jvmRun1 surefire6294184124139161170tmp surefire_014953872287784040862tmp"/>
    <property name="jdk.debug" value="release"/>
    <property name="surefire.test.class.path" value="C:\Users\cleme\git\projetmodeg3\target\test-classes;C:\Users\cleme\git\projetmodeg3\target\classes;C:\Users\cleme\.m2\repository\org\openjfx\javafx-controls\11\javafx-controls-11.jar;C:\Users\cleme\.m2\repository\org\openjfx\javafx-controls\11\javafx-controls-11-win.jar;C:\Users\cleme\.m2\repository\org\openjfx\javafx-graphics\11\javafx-graphics-11.jar;C:\Users\cleme\.m2\repository\org\openjfx\javafx-graphics\11\javafx-graphics-11-win.jar;C:\Users\cleme\.m2\repository\org\openjfx\javafx-base\11\javafx-base-11.jar;C:\Users\cleme\.m2\repository\org\openjfx\javafx-base\11\javafx-base-11-win.jar;C:\Users\cleme\.m2\repository\org\openjfx\javafx-fxml\11\javafx-fxml-11.jar;C:\Users\cleme\.m2\repository\org\openjfx\javafx-fxml\11\javafx-fxml-11-win.jar;C:\Users\cleme\.m2\repository\org\junit\jupiter\junit-jupiter-engine\5.6.2\junit-jupiter-engine-5.6.2.jar;C:\Users\cleme\.m2\repository\org\apiguardian\apiguardian-api\1.1.0\apiguardian-api-1.1.0.jar;C:\Users\cleme\.m2\repository\org\junit\platform\junit-platform-engine\1.6.2\junit-platform-engine-1.6.2.jar;C:\Users\cleme\.m2\repository\org\opentest4j\opentest4j\1.2.0\opentest4j-1.2.0.jar;C:\Users\cleme\.m2\repository\org\junit\platform\junit-platform-commons\1.6.2\junit-platform-commons-1.6.2.jar;C:\Users\cleme\.m2\repository\org\junit\jupiter\junit-jupiter-api\5.6.2\junit-jupiter-api-5.6.2.jar;"/>
    <property name="sun.cpu.endian" value="little"/>
    <property name="user.home" value="C:\Users\cleme"/>
    <property name="user.language" value="fr"/>
    <property name="java.specification.vendor" value="Oracle Corporation"/>
    <property name="java.version.date" value="2021-07-20"/>
    <property name="java.home" value="C:\Users\cleme\.p2\pool\plugins\org.eclipse.justj.openjdk.hotspot.jre.full.win32.x86_64_16.0.2.v20210721-1149\jre"/>
    <property name="file.separator" value="\"/>
    <property name="basedir" value="C:\Users\cleme\git\projetmodeg3"/>
    <property name="java.vm.compressedOopsMode" value="Zero based"/>
    <property name="line.separator" value="&#10;"/>
    <property name="java.vm.specification.vendor" value="Oracle Corporation"/>
    <property name="java.specification.name" value="Java Platform API Specification"/>
    <property name="surefire.real.class.path" value="C:\Users\cleme\AppData\Local\Temp\surefire5158235127268945202\surefirebooter14881871005188618464.jar"/>
    <property name="user.script" value=""/>
    <property name="sun.management.compiler" value="HotSpot 64-Bit Tiered Compilers"/>
    <property name="java.runtime.version" value="16.0.2+7-67"/>
    <property name="user.name" value="cleme"/>
    <property name="path.separator" value=";"/>
    <property name="os.version" value="10.0"/>
    <property name="java.runtime.name" value="OpenJDK Runtime Environment"/>
    <property name="file.encoding" value="Cp1252"/>
    <property name="java.vm.name" value="OpenJDK 64-Bit Server VM"/>
    <property name="localRepository" value="C:\Users\cleme\.m2\repository"/>
    <property name="java.vendor.url.bug" value="https://bugreport.java.com/bugreport/"/>
    <property name="java.io.tmpdir" value="C:\Users\cleme\AppData\Local\Temp\"/>
    <property name="java.version" value="16.0.2"/>
    <property name="user.dir" value="C:\Users\cleme\git\projetmodeg3"/>
    <property name="os.arch" value="amd64"/>
    <property name="java.vm.specification.name" value="Java Virtual Machine Specification"/>
    <property name="sun.os.patch.level" value=""/>
    <property name="java.library.path" value="C:\Users\cleme\.p2\pool\plugins\org.eclipse.justj.openjdk.hotspot.jre.full.win32.x86_64_16.0.2.v20210721-1149\jre\bin;C:\Windows\Sun\Java\bin;C:\Windows\system32;C:\Windows;C:/Users/cleme/.p2/pool/plugins/org.eclipse.justj.openjdk.hotspot.jre.full.win32.x86_64_16.0.2.v20210721-1149/jre/bin/server;C:/Users/cleme/.p2/pool/plugins/org.eclipse.justj.openjdk.hotspot.jre.full.win32.x86_64_16.0.2.v20210721-1149/jre/bin;C:\Program Files (x86)\Common Files\Oracle\Java\javapath;C:\Windows\system32;C:\Windows;C:\Windows\System32\Wbem;C:\Windows\System32\WindowsPowerShell\v1.0\;C:\Windows\System32\OpenSSH\;C:\Program Files (x86)\NVIDIA Corporation\PhysX\Common;C:\Program Files\NVIDIA Corporation\NVIDIA NvDLISR;C:\Program Files\dotnet\;C:\Program Files\Git\cmd;C:\Program Files\nodejs\;C:\Users\cleme\AppData\Local\Microsoft\WindowsApps;;C:\Users\cleme\AppData\Local\Programs\Microsoft VS Code\bin;C:\Users\cleme\AppData\Roaming\npm;C:\Users\cleme\Desktop;;."/>
    <property name="java.vm.info" value="mixed mode"/>
    <property name="java.vendor" value="Oracle Corporation"/>
    <property name="java.vm.version" value="16.0.2+7-67"/>
    <property name="sun.io.unicode.encoding" value="UnicodeLittle"/>
    <property name="java.class.version" value="60.0"/>
  </properties>
  <testcase name="testProductMatrice" classname="test.math.TestMatrice" time="0.023"/>
  <testcase name="testMatrice" classname="test.math.TestMatrice" time="0.001"/>
</testsuite>